app/build/intermediates/manifest_merge_blame_file/debug/manifest-merger-blame-debug-report.txt
1<?xml version="1.0" encoding="utf-8"?>
2<manifest xmlns:android="http://schemas.android.com/apk/res/android"
3    package="com.example.clean_app"
4    android:versionCode="1"
5    android:versionName="1.0" >
6
7    <uses-sdk
8        android:minSdkVersion="26"
8-->src/main/AndroidManifest.xml
9        android:targetSdkVersion="30" />
9-->src/main/AndroidManifest.xml
10
11    <!-- Although the *SdkVersion is captured in gradle build files, this is required for non gradle builds -->
12    <!-- <uses-sdk android:minSdkVersion="14"/> -->
13    <uses-permission android:name="android.permission.ACCESS_NETWORK_STATE" />
13-->[com.google.firebase:firebase-database:20.0.2] AndroidManifest.xml:25:5-79
13-->[com.google.firebase:firebase-database:20.0.2] AndroidManifest.xml:25:22-76
14    <uses-permission android:name="android.permission.INTERNET" />
14-->[com.google.firebase:firebase-database:20.0.2] AndroidManifest.xml:26:5-67
14-->[com.google.firebase:firebase-database:20.0.2] AndroidManifest.xml:26:22-64
15
16    <application
16-->src/main/AndroidManifest.xml:5:5-22:19
17        android:allowBackup="true"
17-->src/main/AndroidManifest.xml:7:9-35
18        android:appComponentFactory="androidx.core.app.CoreComponentFactory"
18-->[androidx.core:core:1.5.0] AndroidManifest.xml:24:18-86
19        android:debuggable="true"
20        android:extractNativeLibs="false"
21        android:icon="@mipmap/ic_launcher"
21-->src/main/AndroidManifest.xml:8:9-43
22        android:label="@string/app_name"
22-->src/main/AndroidManifest.xml:9:9-41
23        android:roundIcon="@mipmap/ic_launcher_round"
23-->src/main/AndroidManifest.xml:10:9-54
24        android:supportsRtl="true"
24-->src/main/AndroidManifest.xml:11:9-35
25        android:testOnly="true"
26        android:theme="@style/Theme.Clean_app"
26-->src/main/AndroidManifest.xml:12:9-47
27        android:usesCleartextTraffic="true" >
27-->src/main/AndroidManifest.xml:6:9-44
28        <activity
28-->src/main/AndroidManifest.xml:13:9-21:20
29            android:name="com.example.clean_app.MainActivity"
29-->src/main/AndroidManifest.xml:14:13-41
30            android:exported="true" >
30-->src/main/AndroidManifest.xml:15:13-36
31            <intent-filter>
31-->src/main/AndroidManifest.xml:16:13-20:29
32                <action android:name="android.intent.action.MAIN" />
32-->src/main/AndroidManifest.xml:17:17-69
32-->src/main/AndroidManifest.xml:17:25-66
33
34                <category android:name="android.intent.category.LAUNCHER" />
34-->src/main/AndroidManifest.xml:19:17-77
34-->src/main/AndroidManifest.xml:19:27-74
35            </intent-filter>
36        </activity>
37
38        <service
38-->[com.google.firebase:firebase-database:20.0.2] AndroidManifest.xml:29:9-35:19
39            android:name="com.google.firebase.components.ComponentDiscoveryService"
39-->[com.google.firebase:firebase-database:20.0.2] AndroidManifest.xml:30:13-84
40            android:directBootAware="true"
40-->[com.google.firebase:firebase-common:20.0.0] AndroidManifest.xml:35:13-43
41            android:exported="false" >
41-->[com.google.firebase:firebase-database:20.0.2] AndroidManifest.xml:31:13-37
42            <meta-data
42-->[com.google.firebase:firebase-database:20.0.2] AndroidManifest.xml:32:13-34:85
43                android:name="com.google.firebase.components:com.google.firebase.database.DatabaseRegistrar"
43-->[com.google.firebase:firebase-database:20.0.2] AndroidManifest.xml:33:17-109
44                android:value="com.google.firebase.components.ComponentRegistrar" />
44-->[com.google.firebase:firebase-database:20.0.2] AndroidManifest.xml:34:17-82
45            <meta-data
45-->[com.google.firebase:firebase-common-ktx:20.0.0] AndroidManifest.xml:15:13-17:85
46                android:name="com.google.firebase.components:com.google.firebase.ktx.FirebaseCommonKtxRegistrar"
46-->[com.google.firebase:firebase-common-ktx:20.0.0] AndroidManifest.xml:16:17-113
47                android:value="com.google.firebase.components.ComponentRegistrar" />
47-->[com.google.firebase:firebase-common-ktx:20.0.0] AndroidManifest.xml:17:17-82
48        </service>
49
50        <provider
50-->[com.google.firebase:firebase-common:20.0.0] AndroidManifest.xml:26:9-31:39
51            android:name="com.google.firebase.provider.FirebaseInitProvider"
51-->[com.google.firebase:firebase-common:20.0.0] AndroidManifest.xml:27:13-77
52            android:authorities="com.example.clean_app.firebaseinitprovider"
52-->[com.google.firebase:firebase-common:20.0.0] AndroidManifest.xml:28:13-72
53            android:directBootAware="true"
53-->[com.google.firebase:firebase-common:20.0.0] AndroidManifest.xml:29:13-43
54            android:exported="false"
54-->[com.google.firebase:firebase-common:20.0.0] AndroidManifest.xml:30:13-37
55            android:initOrder="100" />
55-->[com.google.firebase:firebase-common:20.0.0] AndroidManifest.xml:31:13-36
56
57        <activity
57-->[com.google.android.gms:play-services-base:17.1.0] AndroidManifest.xml:23:9-26:75
58            android:name="com.google.android.gms.common.api.GoogleApiActivity"
58-->[com.google.android.gms:play-services-base:17.1.0] AndroidManifest.xml:24:13-79
59            android:exported="false"
59-->[com.google.android.gms:play-services-base:17.1.0] AndroidManifest.xml:25:13-37
60            android:theme="@android:style/Theme.Translucent.NoTitleBar" />
60-->[com.google.android.gms:play-services-base:17.1.0] AndroidManifest.xml:26:13-72
61
62        <meta-data
62-->[com.google.android.gms:play-services-basement:17.0.0] AndroidManifest.xml:23:9-25:69
63            android:name="com.google.android.gms.version"
63-->[com.google.android.gms:play-services-basement:17.0.0] AndroidManifest.xml:24:13-58
64            android:value="@integer/google_play_services_version" />
64-->[com.google.android.gms:play-services-basement:17.0.0] AndroidManifest.xml:25:13-66
65    </application>
66
67</manifest>